CRITICAL - 2021-11-29 19:46:47 --> View themes, no current section.
#0 C:\xampp\htdocs\sib\app\Views\admin\index.php(4): CodeIgniter\View\View->endSection()
#1 C:\xampp\htdocs\sib\system\View\View.php(214): include('C:\\xampp\\htdocs...')
#2 C:\xampp\htdocs\sib\system\View\View.php(217): CodeIgniter\View\View->CodeIgniter\View\{closure}()
#3 C:\xampp\htdocs\sib\system\Common.php(1097): CodeIgniter\View\View->render('admin/index', Array, true)
#4 C:\xampp\htdocs\sib\app\Controllers\Home.php(9): view('admin/index')
#5 C:\xampp\htdocs\sib\system\CodeIgniter.php(824): App\Controllers\Home->index()
#6 C:\xampp\htdocs\sib\system\CodeIgniter.php(410): CodeIgniter\CodeIgniter->runController(Object(App\Controllers\Home))
#7 C:\xampp\htdocs\sib\system\CodeIgniter.php(318): CodeIgniter\CodeIgniter->handleRequest(NULL, Object(Config\Cache), false)
#8 C:\xampp\htdocs\sib\index.php(37): CodeIgniter\CodeIgniter->run()
#9 {main}
CRITICAL - 2021-11-29 19:47:43 --> View themes, no current section.
#0 C:\xampp\htdocs\sib\app\Views\admin\index.php(4): CodeIgniter\View\View->endSection()
#1 C:\xampp\htdocs\sib\system\View\View.php(214): include('C:\\xampp\\htdocs...')
#2 C:\xampp\htdocs\sib\system\View\View.php(217): CodeIgniter\View\View->CodeIgniter\View\{closure}()
#3 C:\xampp\htdocs\sib\system\Common.php(1097): CodeIgniter\View\View->render('admin/index', Array, true)
#4 C:\xampp\htdocs\sib\app\Controllers\Home.php(9): view('admin/index')
#5 C:\xampp\htdocs\sib\system\CodeIgniter.php(824): App\Controllers\Home->index()
#6 C:\xampp\htdocs\sib\system\CodeIgniter.php(410): CodeIgniter\CodeIgniter->runController(Object(App\Controllers\Home))
#7 C:\xampp\htdocs\sib\system\CodeIgniter.php(318): CodeIgniter\CodeIgniter->handleRequest(NULL, Object(Config\Cache), false)
#8 C:\xampp\htdocs\sib\index.php(37): CodeIgniter\CodeIgniter->run()
#9 {main}
CRITICAL - 2021-11-29 19:48:18 --> View themes, no current section.
#0 C:\xampp\htdocs\sib\app\Views\admin\index.php(4): CodeIgniter\View\View->endSection()
#1 C:\xampp\htdocs\sib\system\View\View.php(214): include('C:\\xampp\\htdocs...')
#2 C:\xampp\htdocs\sib\system\View\View.php(217): CodeIgniter\View\View->CodeIgniter\View\{closure}()
#3 C:\xampp\htdocs\sib\system\Common.php(1097): CodeIgniter\View\View->render('admin/index', Array, true)
#4 C:\xampp\htdocs\sib\app\Controllers\Home.php(9): view('admin/index')
#5 C:\xampp\htdocs\sib\system\CodeIgniter.php(824): App\Controllers\Home->index()
#6 C:\xampp\htdocs\sib\system\CodeIgniter.php(410): CodeIgniter\CodeIgniter->runController(Object(App\Controllers\Home))
#7 C:\xampp\htdocs\sib\system\CodeIgniter.php(318): CodeIgniter\CodeIgniter->handleRequest(NULL, Object(Config\Cache), false)
#8 C:\xampp\htdocs\sib\index.php(37): CodeIgniter\CodeIgniter->run()
#9 {main}
CRITICAL - 2021-11-29 19:48:20 --> View themes, no current section.
#0 C:\xampp\htdocs\sib\app\Views\admin\index.php(4): CodeIgniter\View\View->endSection()
#1 C:\xampp\htdocs\sib\system\View\View.php(214): include('C:\\xampp\\htdocs...')
#2 C:\xampp\htdocs\sib\system\View\View.php(217): CodeIgniter\View\View->CodeIgniter\View\{closure}()
#3 C:\xampp\htdocs\sib\system\Common.php(1097): CodeIgniter\View\View->render('admin/index', Array, true)
#4 C:\xampp\htdocs\sib\app\Controllers\Home.php(9): view('admin/index')
#5 C:\xampp\htdocs\sib\system\CodeIgniter.php(824): App\Controllers\Home->index()
#6 C:\xampp\htdocs\sib\system\CodeIgniter.php(410): CodeIgniter\CodeIgniter->runController(Object(App\Controllers\Home))
#7 C:\xampp\htdocs\sib\system\CodeIgniter.php(318): CodeIgniter\CodeIgniter->handleRequest(NULL, Object(Config\Cache), false)
#8 C:\xampp\htdocs\sib\index.php(37): CodeIgniter\CodeIgniter->run()
#9 {main}
